  Source.cpp
C:\Program Files\Microsoft Visual Studio\2022\Community\VC\Tools\MSVC\14.39.33519\include\xmemory(727,103): warning C4244: 'argument': conversion from 'T' to 'float', possible loss of data
C:\Program Files\Microsoft Visual Studio\2022\Community\VC\Tools\MSVC\14.39.33519\include\xmemory(727,103): warning C4244:         with
C:\Program Files\Microsoft Visual Studio\2022\Community\VC\Tools\MSVC\14.39.33519\include\xmemory(727,103): warning C4244:         [
C:\Program Files\Microsoft Visual Studio\2022\Community\VC\Tools\MSVC\14.39.33519\include\xmemory(727,103): warning C4244:             T=int
C:\Program Files\Microsoft Visual Studio\2022\Community\VC\Tools\MSVC\14.39.33519\include\xmemory(727,103): warning C4244:         ]
  (compiling source file 'Source.cpp')
  C:\Program Files\Microsoft Visual Studio\2022\Community\VC\Tools\MSVC\14.39.33519\include\xmemory(727,103):
  the template instantiation context (the oldest one first) is
  	C:\Users\allan\source\repos\Project1\Project1\Source.cpp(20,26):
  	see reference to function template instantiation 'void std::vector<Ball,std::allocator<Ball>>::emplace_back<T&,T&,float>(T &,T &,float &&)' being compiled
          with
          [
              T=int
          ]
  	C:\Program Files\Microsoft Visual Studio\2022\Community\VC\Tools\MSVC\14.39.33519\include\vector(862,24):
  	see reference to function template instantiation '_Ty &std::vector<_Ty,std::allocator<_Ty>>::_Emplace_one_at_back<T&,T&,float>(T &,T &,float &&)' being compiled
          with
          [
              _Ty=Ball,
              T=int
          ]
  	C:\Program Files\Microsoft Visual Studio\2022\Community\VC\Tools\MSVC\14.39.33519\include\vector(780,20):
  	see reference to function template instantiation '_Ty &std::vector<_Ty,std::allocator<_Ty>>::_Emplace_back_with_unused_capacity<T&,T&,float>(T &,T &,float &&)' being compiled
          with
          [
              _Ty=Ball,
              T=int
          ]
  	C:\Program Files\Microsoft Visual Studio\2022\Community\VC\Tools\MSVC\14.39.33519\include\vector(798,27):
  	see reference to function template instantiation 'void std::_Default_allocator_traits<_Alloc>::construct<_Ty,T&,T&,float>(_Alloc &,_Objty *const ,T &,T &,float &&)' being compiled
          with
          [
              _Alloc=std::allocator<Ball>,
              _Ty=Ball,
              T=int,
              _Objty=Ball
          ]
  
  Generating code
  1 of 85 functions ( 1.2%) were compiled, the rest were copied from previous compilation.
    0 functions were new in current compilation
    0 functions had inline decision re-evaluated but remain unchanged
  Finished generating code
  Project1.vcxproj -> C:\Users\allan\source\repos\Project1\x64\Release\Project1.exe
